Vivado Simulator 2017.3
Time resolution is 1 ps
At time   0ns: sys_rst_n = 0, i_start = 0, an = xxxx, a_to_g = xx
At time   5ns: sys_rst_n = 0, i_start = 0, an = 1111, a_to_g = c0
At time 100ns: sys_rst_n = 1, i_start = 0, an = 1111, a_to_g = c0
At time 105ns: sys_rst_n = 1, i_start = 0, an = 0001, a_to_g = c0
At time 200ns: sys_rst_n = 1, i_start = 1, an = 0001, a_to_g = c0
At time 245ns: sys_rst_n = 1, i_start = 1, an = 0001, a_to_g = f9
At time 250ns: sys_rst_n = 1, i_start = 0, an = 0001, a_to_g = f9
At time 265ns: sys_rst_n = 1, i_start = 0, an = 0001, a_to_g = a4
At time 285ns: sys_rst_n = 1, i_start = 0, an = 0001, a_to_g = b0
At time 305ns: sys_rst_n = 1, i_start = 0, an = 0001, a_to_g = c0
At time 325ns: sys_rst_n = 1, i_start = 0, an = 0001, a_to_g = f9
At time 345ns: sys_rst_n = 1, i_start = 0, an = 0001, a_to_g = a4
At time 365ns: sys_rst_n = 1, i_start = 0, an = 0001, a_to_g = b0
At time 385ns: sys_rst_n = 1, i_start = 0, an = 0001, a_to_g = c0
At time 405ns: sys_rst_n = 1, i_start = 0, an = 0001, a_to_g = f9
At time 425ns: sys_rst_n = 1, i_start = 0, an = 0001, a_to_g = a4
At time 445ns: sys_rst_n = 1, i_start = 0, an = 0001, a_to_g = b0
At time 465ns: sys_rst_n = 1, i_start = 0, an = 0001, a_to_g = c0
At time 485ns: sys_rst_n = 1, i_start = 0, an = 0001, a_to_g = f9
At time 505ns: sys_rst_n = 1, i_start = 0, an = 0001, a_to_g = a4
At time 525ns: sys_rst_n = 1, i_start = 0, an = 0001, a_to_g = b0
At time 545ns: sys_rst_n = 1, i_start = 0, an = 0001, a_to_g = c0
At time 565ns: sys_rst_n = 1, i_start = 0, an = 0001, a_to_g = f9
At time 585ns: sys_rst_n = 1, i_start = 0, an = 0001, a_to_g = a4
At time 605ns: sys_rst_n = 1, i_start = 0, an = 0001, a_to_g = b0
At time 625ns: sys_rst_n = 1, i_start = 0, an = 0001, a_to_g = c0
At time 645ns: sys_rst_n = 1, i_start = 0, an = 0001, a_to_g = f9
At time 665ns: sys_rst_n = 1, i_start = 0, an = 0001, a_to_g = a4
At time 685ns: sys_rst_n = 1, i_start = 0, an = 0001, a_to_g = b0
At time 705ns: sys_rst_n = 1, i_start = 0, an = 0001, a_to_g = c0
At time 725ns: sys_rst_n = 1, i_start = 0, an = 0001, a_to_g = f9
At time 745ns: sys_rst_n = 1, i_start = 0, an = 0001, a_to_g = a4
At time 765ns: sys_rst_n = 1, i_start = 0, an = 0001, a_to_g = b0
At time 785ns: sys_rst_n = 1, i_start = 0, an = 0001, a_to_g = c0
At time 805ns: sys_rst_n = 1, i_start = 0, an = 0001, a_to_g = f9
At time 825ns: sys_rst_n = 1, i_start = 0, an = 0001, a_to_g = a4
At time 845ns: sys_rst_n = 1, i_start = 0, an = 0001, a_to_g = b0
At time 865ns: sys_rst_n = 1, i_start = 0, an = 0001, a_to_g = c0
At time 885ns: sys_rst_n = 1, i_start = 0, an = 0001, a_to_g = f9
At time 905ns: sys_rst_n = 1, i_start = 0, an = 0001, a_to_g = a4
At time 925ns: sys_rst_n = 1, i_start = 0, an = 0001, a_to_g = b0
At time 945ns: sys_rst_n = 1, i_start = 0, an = 0001, a_to_g = c0
At time 965ns: sys_rst_n = 1, i_start = 0, an = 0001, a_to_g = f9
At time 985ns: sys_rst_n = 1, i_start = 0, an = 0001, a_to_g = a4
At time   0ns: sys_rst_n = 0, i_start = 0, an = xxxx, a_to_g = xx
At time   5ns: sys_rst_n = 0, i_start = 0, an = 1111, a_to_g = c0
At time 100ns: sys_rst_n = 1, i_start = 0, an = 1111, a_to_g = c0
At time 105ns: sys_rst_n = 1, i_start = 0, an = 0001, a_to_g = c0
At time 200ns: sys_rst_n = 1, i_start = 1, an = 0001, a_to_g = c0
At time 245ns: sys_rst_n = 1, i_start = 1, an = 0001, a_to_g = f9
At time 250ns: sys_rst_n = 1, i_start = 0, an = 0001, a_to_g = f9
At time 265ns: sys_rst_n = 1, i_start = 0, an = 0001, a_to_g = a4
At time 285ns: sys_rst_n = 1, i_start = 0, an = 0001, a_to_g = b0
At time 305ns: sys_rst_n = 1, i_start = 0, an = 0001, a_to_g = c0
At time 325ns: sys_rst_n = 1, i_start = 0, an = 0001, a_to_g = f9
At time 345ns: sys_rst_n = 1, i_start = 0, an = 0001, a_to_g = a4
At time 365ns: sys_rst_n = 1, i_start = 0, an = 0001, a_to_g = b0
At time 385ns: sys_rst_n = 1, i_start = 0, an = 0001, a_to_g = c0
At time 405ns: sys_rst_n = 1, i_start = 0, an = 0001, a_to_g = f9
At time 425ns: sys_rst_n = 1, i_start = 0, an = 0001, a_to_g = a4
At time 445ns: sys_rst_n = 1, i_start = 0, an = 0001, a_to_g = b0
At time 465ns: sys_rst_n = 1, i_start = 0, an = 0001, a_to_g = c0
At time 485ns: sys_rst_n = 1, i_start = 0, an = 0001, a_to_g = f9
At time 505ns: sys_rst_n = 1, i_start = 0, an = 0001, a_to_g = a4
At time 525ns: sys_rst_n = 1, i_start = 0, an = 0001, a_to_g = b0
At time 545ns: sys_rst_n = 1, i_start = 0, an = 0001, a_to_g = c0
At time 565ns: sys_rst_n = 1, i_start = 0, an = 0001, a_to_g = f9
At time 585ns: sys_rst_n = 1, i_start = 0, an = 0001, a_to_g = a4
At time 605ns: sys_rst_n = 1, i_start = 0, an = 0001, a_to_g = b0
At time 625ns: sys_rst_n = 1, i_start = 0, an = 0001, a_to_g = c0
At time 645ns: sys_rst_n = 1, i_start = 0, an = 0001, a_to_g = f9
At time 665ns: sys_rst_n = 1, i_start = 0, an = 0001, a_to_g = a4
At time 685ns: sys_rst_n = 1, i_start = 0, an = 0001, a_to_g = b0
At time 705ns: sys_rst_n = 1, i_start = 0, an = 0001, a_to_g = c0
At time 725ns: sys_rst_n = 1, i_start = 0, an = 0001, a_to_g = f9
At time 745ns: sys_rst_n = 1, i_start = 0, an = 0001, a_to_g = a4
At time 765ns: sys_rst_n = 1, i_start = 0, an = 0001, a_to_g = b0
At time 785ns: sys_rst_n = 1, i_start = 0, an = 0001, a_to_g = c0
At time 805ns: sys_rst_n = 1, i_start = 0, an = 0001, a_to_g = f9
At time 825ns: sys_rst_n = 1, i_start = 0, an = 0001, a_to_g = a4
At time 845ns: sys_rst_n = 1, i_start = 0, an = 0001, a_to_g = b0
At time 865ns: sys_rst_n = 1, i_start = 0, an = 0001, a_to_g = c0
At time 885ns: sys_rst_n = 1, i_start = 0, an = 0001, a_to_g = f9
At time 905ns: sys_rst_n = 1, i_start = 0, an = 0001, a_to_g = a4
At time 925ns: sys_rst_n = 1, i_start = 0, an = 0001, a_to_g = b0
At time 945ns: sys_rst_n = 1, i_start = 0, an = 0001, a_to_g = c0
At time 965ns: sys_rst_n = 1, i_start = 0, an = 0001, a_to_g = f9
At time 985ns: sys_rst_n = 1, i_start = 0, an = 0001, a_to_g = a4
At time 1005ns: sys_rst_n = 1, i_start = 0, an = 0001, a_to_g = b0
At time 1025ns: sys_rst_n = 1, i_start = 0, an = 0001, a_to_g = c0
At time 1045ns: sys_rst_n = 1, i_start = 0, an = 0001, a_to_g = f9
At time 1065ns: sys_rst_n = 1, i_start = 0, an = 0001, a_to_g = a4
At time 1085ns: sys_rst_n = 1, i_start = 0, an = 0001, a_to_g = b0
At time 1105ns: sys_rst_n = 1, i_start = 0, an = 0001, a_to_g = c0
At time 1125ns: sys_rst_n = 1, i_start = 0, an = 0001, a_to_g = f9
At time 1145ns: sys_rst_n = 1, i_start = 0, an = 0001, a_to_g = a4
At time 1165ns: sys_rst_n = 1, i_start = 0, an = 0001, a_to_g = b0
At time 1185ns: sys_rst_n = 1, i_start = 0, an = 0001, a_to_g = c0
At time 1205ns: sys_rst_n = 1, i_start = 0, an = 0001, a_to_g = f9
At time 1225ns: sys_rst_n = 1, i_start = 0, an = 0001, a_to_g = a4
At time 1245ns: sys_rst_n = 1, i_start = 0, an = 0001, a_to_g = b0
At time 1265ns: sys_rst_n = 1, i_start = 0, an = 0001, a_to_g = c0
At time 1285ns: sys_rst_n = 1, i_start = 0, an = 0001, a_to_g = f9
At time 1305ns: sys_rst_n = 1, i_start = 0, an = 0001, a_to_g = a4
At time 1325ns: sys_rst_n = 1, i_start = 0, an = 0001, a_to_g = b0
At time 1345ns: sys_rst_n = 1, i_start = 0, an = 0001, a_to_g = c0
At time 1365ns: sys_rst_n = 1, i_start = 0, an = 0001, a_to_g = f9
At time 1385ns: sys_rst_n = 1, i_start = 0, an = 0001, a_to_g = a4
At time 1405ns: sys_rst_n = 1, i_start = 0, an = 0001, a_to_g = b0
At time 1425ns: sys_rst_n = 1, i_start = 0, an = 0001, a_to_g = c0
At time 1445ns: sys_rst_n = 1, i_start = 0, an = 0001, a_to_g = f9
At time 1465ns: sys_rst_n = 1, i_start = 0, an = 0001, a_to_g = a4
At time 1485ns: sys_rst_n = 1, i_start = 0, an = 0001, a_to_g = b0
At time 1505ns: sys_rst_n = 1, i_start = 0, an = 0001, a_to_g = c0
At time 1525ns: sys_rst_n = 1, i_start = 0, an = 0001, a_to_g = f9
At time 1545ns: sys_rst_n = 1, i_start = 0, an = 0001, a_to_g = a4
At time 1565ns: sys_rst_n = 1, i_start = 0, an = 0001, a_to_g = b0
At time 1585ns: sys_rst_n = 1, i_start = 0, an = 0001, a_to_g = c0
At time 1605ns: sys_rst_n = 1, i_start = 0, an = 0001, a_to_g = f9
At time 1625ns: sys_rst_n = 1, i_start = 0, an = 0001, a_to_g = a4
At time 1645ns: sys_rst_n = 1, i_start = 0, an = 0001, a_to_g = b0
At time 1665ns: sys_rst_n = 1, i_start = 0, an = 0001, a_to_g = c0
At time 1685ns: sys_rst_n = 1, i_start = 0, an = 0001, a_to_g = f9
At time 1705ns: sys_rst_n = 1, i_start = 0, an = 0001, a_to_g = a4
At time 1725ns: sys_rst_n = 1, i_start = 0, an = 0001, a_to_g = b0
At time 1745ns: sys_rst_n = 1, i_start = 0, an = 0001, a_to_g = c0
At time 1765ns: sys_rst_n = 1, i_start = 0, an = 0001, a_to_g = f9
At time 1785ns: sys_rst_n = 1, i_start = 0, an = 0001, a_to_g = a4
At time 1805ns: sys_rst_n = 1, i_start = 0, an = 0001, a_to_g = b0
At time 1825ns: sys_rst_n = 1, i_start = 0, an = 0001, a_to_g = c0
At time 1845ns: sys_rst_n = 1, i_start = 0, an = 0001, a_to_g = f9
At time 1865ns: sys_rst_n = 1, i_start = 0, an = 0001, a_to_g = a4
At time 1885ns: sys_rst_n = 1, i_start = 0, an = 0001, a_to_g = b0
At time 1905ns: sys_rst_n = 1, i_start = 0, an = 0001, a_to_g = c0
At time 1925ns: sys_rst_n = 1, i_start = 0, an = 0001, a_to_g = f9
At time 1945ns: sys_rst_n = 1, i_start = 0, an = 0001, a_to_g = a4
At time 1965ns: sys_rst_n = 1, i_start = 0, an = 0001, a_to_g = b0
At time 1985ns: sys_rst_n = 1, i_start = 0, an = 0001, a_to_g = c0
At time 2005ns: sys_rst_n = 1, i_start = 0, an = 0001, a_to_g = f9
At time 2025ns: sys_rst_n = 1, i_start = 0, an = 0001, a_to_g = a4
At time 2045ns: sys_rst_n = 1, i_start = 0, an = 0001, a_to_g = b0
At time 2065ns: sys_rst_n = 1, i_start = 0, an = 0001, a_to_g = c0
At time 2085ns: sys_rst_n = 1, i_start = 0, an = 0001, a_to_g = f9
At time 2105ns: sys_rst_n = 1, i_start = 0, an = 0001, a_to_g = a4
At time 2125ns: sys_rst_n = 1, i_start = 0, an = 0001, a_to_g = b0
At time 2145ns: sys_rst_n = 1, i_start = 0, an = 0001, a_to_g = c0
At time 2165ns: sys_rst_n = 1, i_start = 0, an = 0001, a_to_g = f9
At time 2185ns: sys_rst_n = 1, i_start = 0, an = 0001, a_to_g = a4
At time 2205ns: sys_rst_n = 1, i_start = 0, an = 0001, a_to_g = b0
At time 2225ns: sys_rst_n = 1, i_start = 0, an = 0001, a_to_g = c0
At time 2245ns: sys_rst_n = 1, i_start = 0, an = 0001, a_to_g = f9
At time 2250ns: sys_rst_n = 1, i_start = 1, an = 0001, a_to_g = f9
At time 2265ns: sys_rst_n = 1, i_start = 1, an = 0001, a_to_g = a4
At time 2300ns: sys_rst_n = 1, i_start = 0, an = 0001, a_to_g = a4
At time 2800ns: sys_rst_n = 1, i_start = 1, an = 0001, a_to_g = a4
At time 2835ns: sys_rst_n = 1, i_start = 1, an = 0001, a_to_g = b0
At time 2850ns: sys_rst_n = 1, i_start = 0, an = 0001, a_to_g = b0
At time 2855ns: sys_rst_n = 1, i_start = 0, an = 0001, a_to_g = c0
At time 2875ns: sys_rst_n = 1, i_start = 0, an = 0001, a_to_g = f9
At time 2895ns: sys_rst_n = 1, i_start = 0, an = 0001, a_to_g = a4
At time 2915ns: sys_rst_n = 1, i_start = 0, an = 0001, a_to_g = b0
At time 2935ns: sys_rst_n = 1, i_start = 0, an = 0001, a_to_g = c0
At time 2955ns: sys_rst_n = 1, i_start = 0, an = 0001, a_to_g = f9
At time 2975ns: sys_rst_n = 1, i_start = 0, an = 0001, a_to_g = a4
At time 2995ns: sys_rst_n = 1, i_start = 0, an = 0001, a_to_g = b0
At time 3015ns: sys_rst_n = 1, i_start = 0, an = 0001, a_to_g = c0
At time 3035ns: sys_rst_n = 1, i_start = 0, an = 0001, a_to_g = f9
At time 3055ns: sys_rst_n = 1, i_start = 0, an = 0001, a_to_g = a4
At time 3075ns: sys_rst_n = 1, i_start = 0, an = 0001, a_to_g = b0
At time 3095ns: sys_rst_n = 1, i_start = 0, an = 0001, a_to_g = c0
$finish called at time : 3100 ns : File "D:/Work/vivado_project/DLC/dig_clock/dig_clock.srcs/sim_1/new/dig_clock_tb.sv" Line 45
